TN:
SF:src\server.ts
FN:31,(anonymous_8)
FN:31,(anonymous_9)
FN:41,(anonymous_10)
FN:41,(anonymous_11)
FN:47,(anonymous_12)
FNF:5
FNH:0
FNDA:0,(anonymous_8)
FNDA:0,(anonymous_9)
FNDA:0,(anonymous_10)
FNDA:0,(anonymous_11)
FNDA:0,(anonymous_12)
DA:1,0
DA:2,0
DA:3,0
DA:4,0
DA:5,0
DA:6,0
DA:7,0
DA:8,0
DA:9,0
DA:10,0
DA:11,0
DA:12,0
DA:14,0
DA:15,0
DA:18,0
DA:19,0
DA:20,0
DA:21,0
DA:22,0
DA:23,0
DA:24,0
DA:25,0
DA:28,0
DA:31,0
DA:32,0
DA:33,0
DA:34,0
DA:36,0
DA:41,0
DA:42,0
DA:43,0
DA:46,0
DA:47,0
DA:48,0
LF:34
LH:0
BRDA:46,0,0,0
BRDA:46,0,1,0
BRF:2
BRH:0
end_of_record
TN:
SF:src\application\use-cases\CreateBookmarkUseCase.ts
FN:11,(anonymous_7)
FN:13,(anonymous_8)
FN:15,(anonymous_10)
FN:15,(anonymous_11)
FNF:4
FNH:4
FNDA:3,(anonymous_7)
FNDA:3,(anonymous_8)
FNDA:3,(anonymous_10)
FNDA:3,(anonymous_11)
DA:2,1
DA:7,1
DA:8,1
DA:10,1
DA:11,3
DA:15,3
DA:17,3
DA:20,3
DA:21,3
DA:22,1
DA:26,2
DA:34,2
DA:37,2
LF:13
LH:13
BRDA:21,0,0,1
BRDA:21,0,1,2
BRDA:30,1,0,2
BRDA:30,1,1,1
BRF:4
BRH:4
end_of_record
TN:
SF:src\application\use-cases\DeleteBookmarkUseCase.ts
FN:5,(anonymous_7)
FN:7,(anonymous_8)
FNF:2
FNH:2
FNDA:1,(anonymous_7)
FNDA:1,(anonymous_8)
DA:2,1
DA:4,1
DA:5,1
DA:8,1
LF:4
LH:4
BRF:0
BRH:0
end_of_record
TN:
SF:src\application\use-cases\FindBookmarkByIdUseCase.ts
FN:6,(anonymous_7)
FN:8,(anonymous_8)
FNF:2
FNH:2
FNDA:2,(anonymous_7)
FNDA:2,(anonymous_8)
DA:3,1
DA:5,1
DA:6,2
DA:9,2
DA:10,2
DA:11,1
DA:13,1
LF:7
LH:7
BRDA:10,0,0,1
BRDA:10,0,1,1
BRF:2
BRH:2
end_of_record
TN:
SF:src\application\use-cases\FindBookmarkByUrlUseCase.ts
FN:5,(anonymous_7)
FN:7,(anonymous_8)
FNF:2
FNH:2
FNDA:2,(anonymous_7)
FNDA:2,(anonymous_8)
DA:4,1
DA:5,2
DA:8,2
DA:9,2
DA:10,1
DA:12,1
LF:6
LH:6
BRDA:9,0,0,1
BRDA:9,0,1,1
BRF:2
BRH:2
end_of_record
TN:
SF:src\application\use-cases\RetrieveBookmarksUseCase.ts
FN:5,(anonymous_7)
FN:7,(anonymous_8)
FNF:2
FNH:2
FNDA:2,(anonymous_7)
FNDA:2,(anonymous_8)
DA:4,1
DA:5,2
DA:8,2
LF:3
LH:3
BRF:0
BRH:0
end_of_record
TN:
SF:src\application\use-cases\UpdateBookmarkUseCase.ts
FN:7,(anonymous_7)
FN:9,(anonymous_8)
FNF:2
FNH:2
FNDA:2,(anonymous_7)
FNDA:2,(anonymous_8)
DA:3,1
DA:6,1
DA:7,2
DA:10,2
DA:11,2
DA:12,1
DA:14,1
DA:15,1
LF:8
LH:8
BRDA:11,0,0,1
BRDA:11,0,1,1
BRF:2
BRH:2
end_of_record
TN:
SF:src\domain\aggregates\Bookmark.ts
FN:13,(anonymous_0)
FN:24,(anonymous_1)
FN:44,(anonymous_2)
FN:65,(anonymous_3)
FN:70,(anonymous_4)
FN:75,(anonymous_5)
FN:81,(anonymous_6)
FN:89,(anonymous_7)
FN:90,(anonymous_8)
FN:91,(anonymous_9)
FN:92,(anonymous_10)
FN:93,(anonymous_11)
FN:94,(anonymous_12)
FN:95,(anonymous_13)
FN:96,(anonymous_14)
FNF:15
FNH:15
FNDA:24,(anonymous_0)
FNDA:23,(anonymous_1)
FNDA:3,(anonymous_2)
FNDA:2,(anonymous_3)
FNDA:2,(anonymous_4)
FNDA:3,(anonymous_5)
FNDA:2,(anonymous_6)
FNDA:3,(anonymous_7)
FNDA:7,(anonymous_8)
FNDA:1,(anonymous_9)
FNDA:7,(anonymous_10)
FNDA:9,(anonymous_11)
FNDA:10,(anonymous_12)
FNDA:3,(anonymous_13)
FNDA:11,(anonymous_14)
DA:3,6
DA:4,6
DA:5,6
DA:6,6
DA:7,6
DA:8,6
DA:9,6
DA:12,6
DA:14,24
DA:15,24
DA:16,24
DA:17,24
DA:18,24
DA:19,24
DA:20,24
DA:30,23
DA:32,23
DA:53,3
DA:66,2
DA:67,1
DA:71,2
DA:72,2
DA:76,3
DA:77,2
DA:78,2
DA:82,2
DA:83,2
DA:84,2
DA:89,3
DA:90,7
DA:91,1
DA:92,7
DA:93,9
DA:94,10
DA:95,3
DA:96,11
LF:36
LH:36
BRDA:28,0,0,17
BRF:1
BRH:1
end_of_record
TN:
SF:src\domain\value-objects\BookmarkDate.ts
FN:3,(anonymous_0)
FN:5,(anonymous_1)
FN:15,(anonymous_2)
FN:18,(anonymous_3)
FN:22,(anonymous_4)
FN:26,(anonymous_5)
FN:31,(anonymous_6)
FNF:7
FNH:7
FNDA:48,(anonymous_0)
FNDA:49,(anonymous_1)
FNDA:18,(anonymous_2)
FNDA:2,(anonymous_3)
FNDA:2,(anonymous_4)
FNDA:2,(anonymous_5)
FNDA:1,(anonymous_6)
DA:2,7
DA:3,48
DA:6,49
DA:8,49
DA:9,1
DA:12,48
DA:15,18
DA:19,2
DA:23,2
DA:27,2
DA:32,1
LF:11
LH:11
BRDA:6,0,0,49
BRDA:6,0,1,31
BRDA:8,1,0,1
BRDA:8,1,1,48
BRF:4
BRH:4
end_of_record
TN:
SF:src\domain\value-objects\BookmarkId.ts
FN:5,(anonymous_0)
FN:7,(anonymous_1)
FN:18,(anonymous_2)
FN:23,(anonymous_3)
FN:25,(anonymous_4)
FNF:5
FNH:5
FNDA:38,(anonymous_0)
FNDA:40,(anonymous_1)
FNDA:40,(anonymous_2)
FNDA:11,(anonymous_3)
FNDA:2,(anonymous_4)
DA:2,8
DA:4,8
DA:5,38
DA:8,40
DA:11,40
DA:12,2
DA:15,38
DA:19,40
DA:20,40
DA:23,11
DA:26,2
LF:11
LH:11
BRDA:8,0,0,40
BRDA:8,0,1,24
BRDA:11,1,0,2
BRDA:11,1,1,38
BRF:4
BRH:4
end_of_record
TN:
SF:src\domain\value-objects\Description.ts
FN:3,(anonymous_0)
FN:5,(anonymous_1)
FN:21,(anonymous_2)
FN:25,(anonymous_3)
FN:30,(anonymous_4)
FN:34,(anonymous_5)
FN:39,(anonymous_6)
FNF:7
FNH:7
FNDA:48,(anonymous_0)
FNDA:49,(anonymous_1)
FNDA:16,(anonymous_2)
FNDA:2,(anonymous_3)
FNDA:3,(anonymous_4)
FNDA:4,(anonymous_5)
FNDA:2,(anonymous_6)
DA:2,7
DA:3,48
DA:7,49
DA:8,31
DA:12,18
DA:13,1
DA:17,17
DA:18,17
DA:22,16
DA:26,2
DA:31,3
DA:35,4
DA:40,2
LF:13
LH:13
BRDA:7,0,0,31
BRDA:7,0,1,18
BRDA:7,1,0,49
BRDA:7,1,1,40
BRDA:7,1,2,20
BRDA:12,2,0,1
BRDA:12,2,1,17
BRDA:30,3,0,2
BRDA:31,4,0,1
BRDA:31,4,1,2
BRDA:31,5,0,3
BRDA:31,5,1,1
BRDA:40,6,0,1
BRDA:40,6,1,1
BRDA:40,7,0,2
BRDA:40,7,1,1
BRF:16
BRH:16
end_of_record
TN:
SF:src\domain\value-objects\Tag.ts
FN:3,(anonymous_0)
FN:5,(anonymous_1)
FN:26,(anonymous_2)
FN:28,(anonymous_3)
FNF:4
FNH:4
FNDA:101,(anonymous_0)
FNDA:109,(anonymous_1)
FNDA:42,(anonymous_2)
FNDA:265,(anonymous_3)
DA:2,8
DA:3,101
DA:7,109
DA:8,2
DA:11,107
DA:12,1
DA:16,106
DA:19,106
DA:20,5
DA:23,101
DA:26,42
DA:29,265
LF:12
LH:12
BRDA:7,0,0,2
BRDA:7,0,1,107
BRDA:7,1,0,109
BRDA:7,1,1,108
BRDA:11,2,0,1
BRDA:11,2,1,106
BRDA:19,3,0,5
BRDA:19,3,1,101
BRF:8
BRH:8
end_of_record
TN:
SF:src\domain\value-objects\Tags.ts
FN:4,(anonymous_0)
FN:6,(anonymous_1)
FN:7,(anonymous_2)
FN:10,(anonymous_3)
FN:11,(anonymous_4)
FN:22,(anonymous_5)
FN:23,(anonymous_6)
FN:24,(anonymous_7)
FN:24,(anonymous_8)
FN:26,(anonymous_9)
FN:27,(anonymous_10)
FN:38,(anonymous_11)
FN:39,(anonymous_12)
FN:42,(anonymous_13)
FN:43,(anonymous_14)
FN:46,(anonymous_15)
FN:49,(anonymous_16)
FN:50,(anonymous_17)
FN:52,(anonymous_18)
FNF:19
FNH:19
FNDA:53,(anonymous_0)
FNDA:49,(anonymous_1)
FNDA:76,(anonymous_2)
FNDA:74,(anonymous_3)
FNDA:237,(anonymous_4)
FNDA:1,(anonymous_5)
FNDA:9,(anonymous_6)
FNDA:19,(anonymous_7)
FNDA:24,(anonymous_8)
FNDA:5,(anonymous_9)
FNDA:13,(anonymous_10)
FNDA:4,(anonymous_11)
FNDA:6,(anonymous_12)
FNDA:2,(anonymous_13)
FNDA:2,(anonymous_14)
FNDA:4,(anonymous_15)
FNDA:2,(anonymous_16)
FNDA:2,(anonymous_17)
FNDA:4,(anonymous_18)
DA:1,7
DA:3,7
DA:4,53
DA:7,76
DA:10,48
DA:11,237
DA:15,48
DA:16,1
DA:19,47
DA:22,1
DA:23,9
DA:24,24
DA:27,13
DA:28,2
DA:31,3
DA:32,1
DA:35,2
DA:39,6
DA:43,2
DA:47,4
DA:49,3
DA:50,3
DA:52,4
LF:23
LH:23
BRDA:6,0,0,0
BRDA:15,1,0,1
BRDA:15,1,1,47
BRDA:27,2,0,2
BRDA:27,2,1,3
BRDA:31,3,0,1
BRDA:31,3,1,2
BRDA:47,4,0,1
BRDA:47,4,1,3
BRF:9
BRH:8
end_of_record
TN:
SF:src\domain\value-objects\Title.ts
FN:3,(anonymous_0)
FN:5,(anonymous_1)
FN:20,(anonymous_2)
FN:22,(anonymous_3)
FNF:4
FNH:4
FNDA:33,(anonymous_0)
FNDA:38,(anonymous_1)
FNDA:11,(anonymous_2)
FNDA:2,(anonymous_3)
DA:2,7
DA:3,33
DA:6,38
DA:7,4
DA:10,34
DA:11,1
DA:15,33
DA:17,33
DA:20,11
DA:23,2
LF:10
LH:10
BRDA:6,0,0,4
BRDA:6,0,1,34
BRDA:6,1,0,38
BRDA:6,1,1,35
BRDA:10,2,0,1
BRDA:10,2,1,33
BRF:6
BRH:6
end_of_record
TN:
SF:src\domain\value-objects\Url.ts
FN:3,(anonymous_0)
FN:9,(anonymous_1)
FN:23,(anonymous_2)
FN:32,(anonymous_3)
FN:44,(anonymous_4)
FN:52,(anonymous_5)
FN:53,(anonymous_6)
FN:54,(anonymous_7)
FN:56,(anonymous_8)
FNF:9
FNH:9
FNDA:35,(anonymous_0)
FNDA:39,(anonymous_1)
FNDA:39,(anonymous_2)
FNDA:39,(anonymous_3)
FNDA:35,(anonymous_4)
FNDA:11,(anonymous_5)
FNDA:5,(anonymous_6)
FNDA:4,(anonymous_7)
FNDA:2,(anonymous_8)
DA:2,7
DA:4,35
DA:5,35
DA:6,35
DA:11,39
DA:14,39
DA:15,4
DA:18,35
DA:20,35
DA:24,39
DA:25,39
DA:26,35
DA:28,4
DA:34,39
DA:36,39
DA:37,5
DA:38,1
DA:41,39
DA:45,35
DA:46,35
DA:52,11
DA:53,5
DA:54,4
DA:57,2
LF:24
LH:24
BRDA:14,0,0,4
BRDA:14,0,1,35
BRDA:36,1,0,5
BRDA:36,1,1,34
BRDA:36,2,0,39
BRDA:36,2,1,37
BRDA:37,3,0,1
BRDA:37,3,1,4
BRF:8
BRH:8
end_of_record
TN:
SF:src\infrastructure\database\PrismaUnitOfWork.ts
FN:5,(anonymous_7)
FN:6,(anonymous_9)
FN:6,(anonymous_10)
FNF:3
FNH:0
FNDA:0,(anonymous_7)
FNDA:0,(anonymous_9)
FNDA:0,(anonymous_10)
DA:2,0
DA:4,0
DA:6,0
DA:7,0
LF:4
LH:0
BRF:0
BRH:0
end_of_record
TN:
SF:src\infrastructure\database\pool.ts
FNF:0
FNH:0
DA:1,0
DA:2,0
DA:5,0
DA:7,0
DA:18,0
LF:5
LH:0
BRDA:8,0,0,0
BRDA:8,0,1,0
BRDA:9,1,0,0
BRDA:9,1,1,0
BRDA:10,2,0,0
BRDA:10,2,1,0
BRDA:12,3,0,0
BRDA:12,3,1,0
BRF:8
BRH:0
end_of_record
TN:
SF:src\infrastructure\database\prisma.ts
FNF:0
FNH:0
DA:1,0
DA:2,0
DA:3,0
DA:4,0
DA:6,0
DA:7,0
DA:8,0
DA:10,0
DA:14,0
DA:16,0
LF:10
LH:0
BRDA:14,0,0,0
BRDA:14,0,1,0
BRDA:14,1,0,0
BRDA:14,1,1,0
BRDA:16,2,0,0
BRDA:16,2,1,0
BRF:6
BRH:0
end_of_record
TN:
SF:src\infrastructure\repositories\BookmarkRepository.ts
FN:9,(anonymous_7)
FN:12,(anonymous_8)
FN:25,(anonymous_9)
FN:37,(anonymous_10)
FN:45,(anonymous_12)
FN:55,(anonymous_14)
FN:77,(anonymous_16)
FN:83,(anonymous_18)
FN:85,(anonymous_20)
FNF:9
FNH:0
FNDA:0,(anonymous_7)
FNDA:0,(anonymous_8)
FNDA:0,(anonymous_9)
FNDA:0,(anonymous_10)
FNDA:0,(anonymous_12)
FNDA:0,(anonymous_14)
FNDA:0,(anonymous_16)
FNDA:0,(anonymous_18)
FNDA:0,(anonymous_20)
DA:3,0
DA:6,0
DA:8,0
DA:9,0
DA:13,0
DA:26,0
DA:38,0
DA:41,0
DA:42,0
DA:46,0
DA:51,0
DA:52,0
DA:56,0
DA:58,0
DA:78,0
DA:84,0
DA:85,0
LF:17
LH:0
BRDA:9,0,0,0
BRDA:30,1,0,0
BRDA:30,1,1,0
BRDA:30,2,0,0
BRDA:30,2,1,0
BRDA:41,3,0,0
BRDA:41,3,1,0
BRDA:51,4,0,0
BRDA:51,4,1,0
BRF:9
BRH:0
end_of_record
TN:
SF:src\infrastructure\repositories\UnitOfWork.ts
FN:8,(anonymous_7)
FN:10,(anonymous_8)
FN:26,(anonymous_10)
FN:31,(anonymous_12)
FN:38,(anonymous_14)
FN:45,(anonymous_16)
FNF:6
FNH:0
FNDA:0,(anonymous_7)
FNDA:0,(anonymous_8)
FNDA:0,(anonymous_10)
FNDA:0,(anonymous_12)
FNDA:0,(anonymous_14)
FNDA:0,(anonymous_16)
DA:2,0
DA:5,0
DA:6,0
DA:8,0
DA:11,0
DA:12,0
DA:13,0
DA:14,0
DA:15,0
DA:16,0
DA:18,0
DA:19,0
DA:21,0
DA:22,0
DA:27,0
DA:28,0
DA:32,0
DA:33,0
DA:34,0
DA:35,0
DA:39,0
DA:40,0
DA:41,0
DA:42,0
DA:46,0
DA:47,0
LF:26
LH:0
BRDA:8,0,0,0
BRDA:32,1,0,0
BRDA:32,1,1,0
BRDA:39,2,0,0
BRDA:39,2,1,0
BRDA:46,3,0,0
BRDA:46,3,1,0
BRF:7
BRH:0
end_of_record
TN:
SF:src\interface\controllers\BookmarkController.ts
FN:10,(anonymous_7)
FN:12,(anonymous_8)
FN:36,(anonymous_10)
FN:45,(anonymous_12)
FN:54,(anonymous_14)
FN:63,(anonymous_16)
FN:72,(anonymous_18)
FNF:7
FNH:0
FNDA:0,(anonymous_7)
FNDA:0,(anonymous_8)
FNDA:0,(anonymous_10)
FNDA:0,(anonymous_12)
FNDA:0,(anonymous_14)
FNDA:0,(anonymous_16)
FNDA:0,(anonymous_18)
DA:9,0
DA:10,0
DA:13,0
DA:14,0
DA:21,0
DA:23,0
DA:32,0
DA:37,0
DA:38,0
DA:39,0
DA:41,0
DA:46,0
DA:47,0
DA:48,0
DA:50,0
DA:55,0
DA:56,0
DA:57,0
DA:59,0
DA:64,0
DA:65,0
DA:66,0
DA:68,0
DA:73,0
DA:74,0
DA:75,0
DA:77,0
LF:27
LH:0
BRDA:18,0,0,0
BRDA:18,0,1,0
BRF:2
BRH:0
end_of_record
TN:
SF:src\interface\routes\bookmarkRoutes.ts
FN:4,(anonymous_0)
FN:6,(anonymous_1)
FN:7,(anonymous_2)
FN:8,(anonymous_3)
FN:9,(anonymous_4)
FN:10,(anonymous_5)
FN:11,(anonymous_6)
FNF:7
FNH:0
FNDA:0,(anonymous_0)
FNDA:0,(anonymous_1)
FNDA:0,(anonymous_2)
FNDA:0,(anonymous_3)
FNDA:0,(anonymous_4)
FNDA:0,(anonymous_5)
FNDA:0,(anonymous_6)
DA:1,0
DA:4,0
DA:5,0
DA:6,0
DA:7,0
DA:8,0
DA:9,0
DA:10,0
DA:11,0
DA:12,0
LF:10
LH:0
BRF:0
BRH:0
end_of_record
